mode: set
EzMusix/bussiness/users/usecase.go:14.78,19.2 1 1
EzMusix/bussiness/users/usecase.go:20.69,21.32 1 1
EzMusix/bussiness/users/usecase.go:24.2,24.32 1 1
EzMusix/bussiness/users/usecase.go:27.2,29.16 3 1
EzMusix/bussiness/users/usecase.go:32.2,32.18 1 1
EzMusix/bussiness/users/usecase.go:21.32,23.3 1 1
EzMusix/bussiness/users/usecase.go:24.32,26.3 1 1
EzMusix/bussiness/users/usecase.go:29.16,31.3 1 0
EzMusix/bussiness/users/usecase.go:35.66,36.32 1 1
EzMusix/bussiness/users/usecase.go:39.2,39.32 1 1
EzMusix/bussiness/users/usecase.go:42.2,44.16 3 1
EzMusix/bussiness/users/usecase.go:47.2,48.18 2 1
EzMusix/bussiness/users/usecase.go:36.32,38.3 1 1
EzMusix/bussiness/users/usecase.go:39.32,41.3 1 1
EzMusix/bussiness/users/usecase.go:44.16,46.3 1 1
EzMusix/bussiness/users/usecase.go:51.74,53.16 2 1
EzMusix/bussiness/users/usecase.go:56.2,56.17 1 1
EzMusix/bussiness/users/usecase.go:53.16,55.3 1 1
