mode: set
EzMusix/bussiness/playlists/usecase.go:9.50,13.2 1 1
EzMusix/bussiness/playlists/usecase.go:15.81,17.16 2 1
EzMusix/bussiness/playlists/usecase.go:20.2,20.17 1 1
EzMusix/bussiness/playlists/usecase.go:17.16,19.3 1 0
EzMusix/bussiness/playlists/usecase.go:22.81,24.16 2 1
EzMusix/bussiness/playlists/usecase.go:30.2,30.17 1 1
EzMusix/bussiness/playlists/usecase.go:24.16,25.40 1 0
EzMusix/bussiness/playlists/usecase.go:28.3,28.23 1 0
EzMusix/bussiness/playlists/usecase.go:25.40,27.4 1 0
EzMusix/bussiness/playlists/usecase.go:33.80,35.16 2 1
EzMusix/bussiness/playlists/usecase.go:41.2,41.17 1 1
EzMusix/bussiness/playlists/usecase.go:35.16,36.40 1 0
EzMusix/bussiness/playlists/usecase.go:39.3,39.25 1 0
EzMusix/bussiness/playlists/usecase.go:36.40,38.4 1 0
