mode: set
EzMusix/bussiness/playlists/usecase.go:7.50,11.2 1 1
EzMusix/bussiness/playlists/usecase.go:13.81,15.16 2 1
EzMusix/bussiness/playlists/usecase.go:18.2,18.17 1 1
EzMusix/bussiness/playlists/usecase.go:15.16,17.3 1 1
EzMusix/bussiness/playlists/usecase.go:20.81,22.16 2 1
EzMusix/bussiness/playlists/usecase.go:25.2,25.17 1 1
EzMusix/bussiness/playlists/usecase.go:22.16,24.3 1 0
EzMusix/bussiness/playlists/usecase.go:28.80,30.16 2 1
EzMusix/bussiness/playlists/usecase.go:33.2,33.17 1 1
EzMusix/bussiness/playlists/usecase.go:30.16,32.3 1 0
