mode: set
EzMusix/bussiness/tracks/usecase.go:12.77,17.2 1 1
EzMusix/bussiness/tracks/usecase.go:19.86,21.17 2 1
EzMusix/bussiness/tracks/usecase.go:24.2,24.16 1 0
EzMusix/bussiness/tracks/usecase.go:27.2,27.17 1 0
EzMusix/bussiness/tracks/usecase.go:21.17,23.3 1 1
EzMusix/bussiness/tracks/usecase.go:24.16,26.3 1 0
EzMusix/bussiness/tracks/usecase.go:29.100,31.16 2 1
EzMusix/bussiness/tracks/usecase.go:34.2,35.16 2 1
EzMusix/bussiness/tracks/usecase.go:38.2,38.22 1 1
EzMusix/bussiness/tracks/usecase.go:31.16,33.3 1 0
EzMusix/bussiness/tracks/usecase.go:35.16,37.3 1 0
EzMusix/bussiness/tracks/usecase.go:41.111,43.16 2 1
EzMusix/bussiness/tracks/usecase.go:46.2,46.33 1 1
EzMusix/bussiness/tracks/usecase.go:43.16,45.3 1 0
