mode: set
EzMusix/bussiness/tracks/usecase.go:7.48,11.2 1 1
EzMusix/bussiness/tracks/usecase.go:13.86,15.16 2 1
EzMusix/bussiness/tracks/usecase.go:18.2,18.17 1 0
EzMusix/bussiness/tracks/usecase.go:15.16,17.3 1 1
EzMusix/bussiness/tracks/usecase.go:20.101,22.16 2 1
EzMusix/bussiness/tracks/usecase.go:25.2,25.22 1 1
EzMusix/bussiness/tracks/usecase.go:22.16,24.3 1 0
EzMusix/bussiness/tracks/usecase.go:28.112,30.16 2 1
EzMusix/bussiness/tracks/usecase.go:33.2,33.33 1 1
EzMusix/bussiness/tracks/usecase.go:30.16,32.3 1 0
